<?xml version="1.0" encoding="UTF-8"?>
<coverage generated="1563796219808" clover="3.2.0">
  <project timestamp="1563796219808" name="All files">
    <metrics statements="48" coveredstatements="34" conditionals="16" coveredconditionals="12" methods="29" coveredmethods="19" elements="93" coveredelements="65" complexity="0" loc="48" ncloc="48" packages="7" files="7" classes="7">
      <package name="components.beerBanner">
        <metrics statements="17" coveredstatements="15" conditionals="8" coveredconditionals="7" methods="10" coveredmethods="9"/>
        <file name="beerBanner.js" path="/Users/Dinesh/Documents/Development/brewdog-punk-react-app/src/components/beerBanner/beerBanner.js">
          <metrics statements="17" coveredstatements="15" conditionals="8" coveredconditionals="7" methods="10" coveredmethods="9"/>
          <line num="6" count="6" type="stmt"/>
          <line num="7" count="6" type="stmt"/>
          <line num="12" count="6" type="stmt"/>
          <line num="16" count="6" type="stmt"/>
          <line num="17" count="0" type="stmt"/>
          <line num="21" count="6" type="stmt"/>
          <line num="25" count="8" type="stmt"/>
          <line num="27" count="1" type="cond" truecount="3" falsecount="1"/>
          <line num="28" count="0" type="stmt"/>
          <line num="30" count="1" type="stmt"/>
          <line num="35" count="1" type="stmt"/>
          <line num="43" count="12" type="stmt"/>
          <line num="44" count="12" type="cond" truecount="2" falsecount="0"/>
          <line num="45" count="2" type="stmt"/>
          <line num="46" count="10" type="cond" truecount="2" falsecount="0"/>
          <line num="47" count="7" type="stmt"/>
          <line num="49" count="3" type="stmt"/>
        </file>
      </package>
      <package name="components.beerDogApp">
        <metrics statements="2" coveredstatements="2" conditionals="0" coveredconditionals="0" methods="1" coveredmethods="1"/>
        <file name="beerDogApp.js" path="/Users/Dinesh/Documents/Development/brewdog-punk-react-app/src/components/beerDogApp/beerDogApp.js">
          <metrics statements="2" coveredstatements="2" conditionals="0" coveredconditionals="0" methods="1" coveredmethods="1"/>
          <line num="8" count="1" type="stmt"/>
          <line num="14" count="1" type="stmt"/>
        </file>
      </package>
      <package name="components.beerItem">
        <metrics statements="1" coveredstatements="1" conditionals="0" coveredconditionals="0" methods="1" coveredmethods="1"/>
        <file name="beerItem.js" path="/Users/Dinesh/Documents/Development/brewdog-punk-react-app/src/components/beerItem/beerItem.js">
          <metrics statements="1" coveredstatements="1" conditionals="0" coveredconditionals="0" methods="1" coveredmethods="1"/>
          <line num="6" count="1" type="stmt"/>
        </file>
      </package>
      <package name="components.header">
        <metrics statements="1" coveredstatements="1" conditionals="2" coveredconditionals="2" methods="1" coveredmethods="1"/>
        <file name="Header.js" path="/Users/Dinesh/Documents/Development/brewdog-punk-react-app/src/components/header/Header.js">
          <metrics statements="1" coveredstatements="1" conditionals="2" coveredconditionals="2" methods="1" coveredmethods="1"/>
          <line num="6" count="2" type="stmt"/>
        </file>
      </package>
      <package name="components.searchForm">
        <metrics statements="21" coveredstatements="9" conditionals="4" coveredconditionals="1" methods="13" coveredmethods="4"/>
        <file name="searchForm.js" path="/Users/Dinesh/Documents/Development/brewdog-punk-react-app/src/components/searchForm/searchForm.js">
          <metrics statements="21" coveredstatements="9" conditionals="4" coveredconditionals="1" methods="13" coveredmethods="4"/>
          <line num="7" count="3" type="stmt"/>
          <line num="8" count="3" type="stmt"/>
          <line num="14" count="3" type="stmt"/>
          <line num="15" count="3" type="stmt"/>
          <line num="16" count="3" type="stmt"/>
          <line num="20" count="0" type="stmt"/>
          <line num="21" count="0" type="stmt"/>
          <line num="22" count="0" type="stmt"/>
          <line num="23" count="0" type="stmt"/>
          <line num="25" count="0" type="stmt"/>
          <line num="30" count="0" type="stmt"/>
          <line num="38" count="0" type="cond" truecount="0" falsecount="2"/>
          <line num="39" count="0" type="stmt"/>
          <line num="40" count="0" type="stmt"/>
          <line num="44" count="0" type="stmt"/>
          <line num="45" count="0" type="stmt"/>
          <line num="49" count="0" type="stmt"/>
          <line num="55" count="1" type="stmt"/>
          <line num="56" count="1" type="stmt"/>
          <line num="60" count="3" type="stmt"/>
          <line num="64" count="3" type="stmt"/>
        </file>
      </package>
      <package name="components.searchResults">
        <metrics statements="5" coveredstatements="5" conditionals="2" coveredconditionals="2" methods="3" coveredmethods="3"/>
        <file name="searchResults.js" path="/Users/Dinesh/Documents/Development/brewdog-punk-react-app/src/components/searchResults/searchResults.js">
          <metrics statements="5" coveredstatements="5" conditionals="2" coveredconditionals="2" methods="3" coveredmethods="3"/>
          <line num="7" count="2" type="cond" truecount="2" falsecount="0"/>
          <line num="8" count="1" type="stmt"/>
          <line num="10" count="1" type="stmt"/>
          <line num="15" count="2" type="stmt"/>
          <line num="26" count="2" type="stmt"/>
        </file>
      </package>
      <package name="testSetup">
        <metrics statements="1" coveredstatements="1" conditionals="0" coveredconditionals="0" methods="0" coveredmethods="0"/>
        <file name="setupTests.js" path="/Users/Dinesh/Documents/Development/brewdog-punk-react-app/src/testSetup/setupTests.js">
          <metrics statements="1" coveredstatements="1" conditionals="0" coveredconditionals="0" methods="0" coveredmethods="0"/>
          <line num="4" count="6" type="stmt"/>
        </file>
      </package>
    </metrics>
  </project>
</coverage>
