{"/Users/Dinesh/Documents/Development/brewdog-punk-react-app/src/components/beerBanner/beerBanner.js": {"path":"/Users/Dinesh/Documents/Development/brewdog-punk-react-app/src/components/beerBanner/beerBanner.js","statementMap":{"0":{"start":{"line":6,"column":4},"end":{"line":6,"column":17}},"1":{"start":{"line":7,"column":4},"end":{"line":11,"column":6}},"2":{"start":{"line":12,"column":4},"end":{"line":12,"column":57}},"3":{"start":{"line":16,"column":4},"end":{"line":17,"column":31}},"4":{"start":{"line":17,"column":19},"end":{"line":17,"column":29}},"5":{"start":{"line":21,"column":4},"end":{"line":21,"column":26}},"6":{"start":{"line":25,"column":4},"end":{"line":39,"column":9}},"7":{"start":{"line":27,"column":8},"end":{"line":29,"column":9}},"8":{"start":{"line":28,"column":10},"end":{"line":28,"column":32}},"9":{"start":{"line":30,"column":8},"end":{"line":33,"column":11}},"10":{"start":{"line":30,"column":29},"end":{"line":33,"column":9}},"11":{"start":{"line":35,"column":8},"end":{"line":38,"column":12}},"12":{"start":{"line":35,"column":29},"end":{"line":38,"column":9}},"13":{"start":{"line":43,"column":42},"end":{"line":43,"column":52}},"14":{"start":{"line":44,"column":4},"end":{"line":66,"column":5}},"15":{"start":{"line":45,"column":6},"end":{"line":45,"column":73}},"16":{"start":{"line":46,"column":11},"end":{"line":66,"column":5}},"17":{"start":{"line":47,"column":6},"end":{"line":47,"column":61}},"18":{"start":{"line":49,"column":6},"end":{"line":65,"column":7}}},"fnMap":{"0":{"name":"(anonymous_0)","decl":{"start":{"line":5,"column":2},"end":{"line":5,"column":3}},"loc":{"start":{"line":5,"column":21},"end":{"line":13,"column":3}},"line":5},"1":{"name":"(anonymous_1)","decl":{"start":{"line":15,"column":2},"end":{"line":15,"column":3}},"loc":{"start":{"line":15,"column":20},"end":{"line":18,"column":3}},"line":15},"2":{"name":"(anonymous_2)","decl":{"start":{"line":17,"column":12},"end":{"line":17,"column":13}},"loc":{"start":{"line":17,"column":19},"end":{"line":17,"column":29}},"line":17},"3":{"name":"(anonymous_3)","decl":{"start":{"line":20,"column":2},"end":{"line":20,"column":3}},"loc":{"start":{"line":20,"column":22},"end":{"line":22,"column":3}},"line":20},"4":{"name":"(anonymous_4)","decl":{"start":{"line":24,"column":2},"end":{"line":24,"column":3}},"loc":{"start":{"line":24,"column":19},"end":{"line":40,"column":3}},"line":24},"5":{"name":"(anonymous_5)","decl":{"start":{"line":26,"column":12},"end":{"line":26,"column":13}},"loc":{"start":{"line":26,"column":26},"end":{"line":34,"column":7}},"line":26},"6":{"name":"(anonymous_6)","decl":{"start":{"line":30,"column":22},"end":{"line":30,"column":23}},"loc":{"start":{"line":30,"column":29},"end":{"line":33,"column":9}},"line":30},"7":{"name":"(anonymous_7)","decl":{"start":{"line":34,"column":9},"end":{"line":34,"column":10}},"loc":{"start":{"line":34,"column":20},"end":{"line":39,"column":7}},"line":34},"8":{"name":"(anonymous_8)","decl":{"start":{"line":35,"column":22},"end":{"line":35,"column":23}},"loc":{"start":{"line":35,"column":29},"end":{"line":38,"column":9}},"line":35},"9":{"name":"(anonymous_9)","decl":{"start":{"line":42,"column":2},"end":{"line":42,"column":3}},"loc":{"start":{"line":42,"column":11},"end":{"line":67,"column":3}},"line":42}},"branchMap":{"0":{"loc":{"start":{"line":27,"column":8},"end":{"line":29,"column":9}},"type":"if","locations":[{"start":{"line":27,"column":8},"end":{"line":29,"column":9}},{"start":{"line":27,"column":8},"end":{"line":29,"column":9}}],"line":27},"1":{"loc":{"start":{"line":27,"column":12},"end":{"line":27,"column":63}},"type":"binary-expr","locations":[{"start":{"line":27,"column":12},"end":{"line":27,"column":36}},{"start":{"line":27,"column":40},"end":{"line":27,"column":63}}],"line":27},"2":{"loc":{"start":{"line":44,"column":4},"end":{"line":66,"column":5}},"type":"if","locations":[{"start":{"line":44,"column":4},"end":{"line":66,"column":5}},{"start":{"line":44,"column":4},"end":{"line":66,"column":5}}],"line":44},"3":{"loc":{"start":{"line":46,"column":11},"end":{"line":66,"column":5}},"type":"if","locations":[{"start":{"line":46,"column":11},"end":{"line":66,"column":5}},{"start":{"line":46,"column":11},"end":{"line":66,"column":5}}],"line":46}},"s":{"0":6,"1":6,"2":6,"3":6,"4":0,"5":6,"6":8,"7":1,"8":0,"9":1,"10":1,"11":1,"12":1,"13":12,"14":12,"15":2,"16":10,"17":7,"18":3},"f":{"0":6,"1":6,"2":0,"3":6,"4":8,"5":1,"6":1,"7":1,"8":1,"9":12},"b":{"0":[0,1],"1":[1,1],"2":[2,10],"3":[7,3]},"_coverageSchema":"332fd63041d2c1bcb487cc26dd0d5f7d97098a6c","hash":"c5211425336aebfc0fac1d6d0afeb6ac7c6ff9ff"}
,"/Users/Dinesh/Documents/Development/brewdog-punk-react-app/src/components/beerDogApp/beerDogApp.js": {"path":"/Users/Dinesh/Documents/Development/brewdog-punk-react-app/src/components/beerDogApp/beerDogApp.js","statementMap":{"0":{"start":{"line":8,"column":16},"end":{"line":10,"column":1}},"1":{"start":{"line":14,"column":4},"end":{"line":25,"column":5}}},"fnMap":{"0":{"name":"(anonymous_0)","decl":{"start":{"line":13,"column":2},"end":{"line":13,"column":3}},"loc":{"start":{"line":13,"column":11},"end":{"line":26,"column":3}},"line":13}},"branchMap":{},"s":{"0":1,"1":1},"f":{"0":1},"b":{},"_coverageSchema":"332fd63041d2c1bcb487cc26dd0d5f7d97098a6c","hash":"f4fdfd50c35fdc95dd3a06f54b506194b2ee50b8"}
,"/Users/Dinesh/Documents/Development/brewdog-punk-react-app/src/components/beerItem/beerItem.js": {"path":"/Users/Dinesh/Documents/Development/brewdog-punk-react-app/src/components/beerItem/beerItem.js","statementMap":{"0":{"start":{"line":6,"column":4},"end":{"line":18,"column":6}}},"fnMap":{"0":{"name":"(anonymous_0)","decl":{"start":{"line":5,"column":2},"end":{"line":5,"column":3}},"loc":{"start":{"line":5,"column":11},"end":{"line":19,"column":3}},"line":5}},"branchMap":{},"s":{"0":1},"f":{"0":1},"b":{},"_coverageSchema":"332fd63041d2c1bcb487cc26dd0d5f7d97098a6c","hash":"d7dbc35dd1e39abb7c2a5394fcf834b7aecfa99a"}
,"/Users/Dinesh/Documents/Development/brewdog-punk-react-app/src/components/header/Header.js": {"path":"/Users/Dinesh/Documents/Development/brewdog-punk-react-app/src/components/header/Header.js","statementMap":{"0":{"start":{"line":6,"column":4},"end":{"line":11,"column":6}}},"fnMap":{"0":{"name":"(anonymous_0)","decl":{"start":{"line":5,"column":2},"end":{"line":5,"column":3}},"loc":{"start":{"line":5,"column":11},"end":{"line":12,"column":3}},"line":5}},"branchMap":{"0":{"loc":{"start":{"line":9,"column":9},"end":{"line":9,"column":85}},"type":"binary-expr","locations":[{"start":{"line":9,"column":9},"end":{"line":9,"column":28}},{"start":{"line":9,"column":32},"end":{"line":9,"column":85}}],"line":9}},"s":{"0":2},"f":{"0":2},"b":{"0":[2,1]},"_coverageSchema":"332fd63041d2c1bcb487cc26dd0d5f7d97098a6c","hash":"71843a80c37366c1763990c4e67598044e41e1e1"}
,"/Users/Dinesh/Documents/Development/brewdog-punk-react-app/src/components/searchForm/searchForm.js": {"path":"/Users/Dinesh/Documents/Development/brewdog-punk-react-app/src/components/searchForm/searchForm.js","statementMap":{"0":{"start":{"line":7,"column":4},"end":{"line":7,"column":17}},"1":{"start":{"line":8,"column":4},"end":{"line":13,"column":6}},"2":{"start":{"line":14,"column":4},"end":{"line":14,"column":49}},"3":{"start":{"line":15,"column":4},"end":{"line":15,"column":57}},"4":{"start":{"line":16,"column":4},"end":{"line":16,"column":38}},"5":{"start":{"line":20,"column":4},"end":{"line":20,"column":23}},"6":{"start":{"line":21,"column":24},"end":{"line":21,"column":60}},"7":{"start":{"line":22,"column":21},"end":{"line":22,"column":51}},"8":{"start":{"line":23,"column":4},"end":{"line":34,"column":9}},"9":{"start":{"line":25,"column":8},"end":{"line":28,"column":12}},"10":{"start":{"line":25,"column":29},"end":{"line":28,"column":9}},"11":{"start":{"line":30,"column":8},"end":{"line":33,"column":12}},"12":{"start":{"line":30,"column":29},"end":{"line":33,"column":9}},"13":{"start":{"line":38,"column":27},"end":{"line":38,"column":104}},"14":{"start":{"line":39,"column":4},"end":{"line":40,"column":31}},"15":{"start":{"line":40,"column":19},"end":{"line":40,"column":29}},"16":{"start":{"line":44,"column":4},"end":{"line":44,"column":16}},"17":{"start":{"line":45,"column":4},"end":{"line":47,"column":8}},"18":{"start":{"line":45,"column":25},"end":{"line":47,"column":5}},"19":{"start":{"line":49,"column":4},"end":{"line":49,"column":37}},"20":{"start":{"line":55,"column":22},"end":{"line":55,"column":37}},"21":{"start":{"line":56,"column":4},"end":{"line":56,"column":45}},"22":{"start":{"line":60,"column":4},"end":{"line":60,"column":37}},"23":{"start":{"line":64,"column":4},"end":{"line":88,"column":6}}},"fnMap":{"0":{"name":"(anonymous_0)","decl":{"start":{"line":6,"column":2},"end":{"line":6,"column":3}},"loc":{"start":{"line":6,"column":21},"end":{"line":17,"column":3}},"line":6},"1":{"name":"(anonymous_1)","decl":{"start":{"line":19,"column":2},"end":{"line":19,"column":3}},"loc":{"start":{"line":19,"column":16},"end":{"line":35,"column":3}},"line":19},"2":{"name":"(anonymous_2)","decl":{"start":{"line":24,"column":12},"end":{"line":24,"column":13}},"loc":{"start":{"line":24,"column":26},"end":{"line":29,"column":7}},"line":24},"3":{"name":"(anonymous_3)","decl":{"start":{"line":25,"column":22},"end":{"line":25,"column":23}},"loc":{"start":{"line":25,"column":29},"end":{"line":28,"column":9}},"line":25},"4":{"name":"(anonymous_4)","decl":{"start":{"line":29,"column":9},"end":{"line":29,"column":10}},"loc":{"start":{"line":29,"column":20},"end":{"line":34,"column":7}},"line":29},"5":{"name":"(anonymous_5)","decl":{"start":{"line":30,"column":22},"end":{"line":30,"column":23}},"loc":{"start":{"line":30,"column":29},"end":{"line":33,"column":9}},"line":30},"6":{"name":"(anonymous_6)","decl":{"start":{"line":37,"column":2},"end":{"line":37,"column":3}},"loc":{"start":{"line":37,"column":25},"end":{"line":41,"column":3}},"line":37},"7":{"name":"(anonymous_7)","decl":{"start":{"line":40,"column":12},"end":{"line":40,"column":13}},"loc":{"start":{"line":40,"column":19},"end":{"line":40,"column":29}},"line":40},"8":{"name":"(anonymous_8)","decl":{"start":{"line":43,"column":2},"end":{"line":43,"column":3}},"loc":{"start":{"line":43,"column":20},"end":{"line":50,"column":3}},"line":43},"9":{"name":"(anonymous_9)","decl":{"start":{"line":45,"column":18},"end":{"line":45,"column":19}},"loc":{"start":{"line":45,"column":25},"end":{"line":47,"column":5}},"line":45},"10":{"name":"(anonymous_10)","decl":{"start":{"line":52,"column":2},"end":{"line":52,"column":3}},"loc":{"start":{"line":52,"column":19},"end":{"line":57,"column":3}},"line":52},"11":{"name":"(anonymous_11)","decl":{"start":{"line":59,"column":2},"end":{"line":59,"column":3}},"loc":{"start":{"line":59,"column":28},"end":{"line":61,"column":3}},"line":59},"12":{"name":"(anonymous_12)","decl":{"start":{"line":63,"column":2},"end":{"line":63,"column":3}},"loc":{"start":{"line":63,"column":11},"end":{"line":89,"column":3}},"line":63}},"branchMap":{"0":{"loc":{"start":{"line":38,"column":27},"end":{"line":38,"column":104}},"type":"cond-expr","locations":[{"start":{"line":38,"column":50},"end":{"line":38,"column":79}},{"start":{"line":38,"column":82},"end":{"line":38,"column":104}}],"line":38},"1":{"loc":{"start":{"line":70,"column":20},"end":{"line":70,"column":73}},"type":"cond-expr","locations":[{"start":{"line":70,"column":58},"end":{"line":70,"column":64}},{"start":{"line":70,"column":67},"end":{"line":70,"column":73}}],"line":70}},"s":{"0":3,"1":3,"2":3,"3":3,"4":3,"5":0,"6":0,"7":0,"8":0,"9":0,"10":0,"11":0,"12":0,"13":0,"14":0,"15":0,"16":0,"17":0,"18":0,"19":0,"20":1,"21":1,"22":3,"23":3},"f":{"0":3,"1":0,"2":0,"3":0,"4":0,"5":0,"6":0,"7":0,"8":0,"9":0,"10":1,"11":3,"12":3},"b":{"0":[0,0],"1":[3,0]},"_coverageSchema":"332fd63041d2c1bcb487cc26dd0d5f7d97098a6c","hash":"cd46d14cb0eeb03acb15d7f40e6035efd21808db"}
,"/Users/Dinesh/Documents/Development/brewdog-punk-react-app/src/components/searchResults/searchResults.js": {"path":"/Users/Dinesh/Documents/Development/brewdog-punk-react-app/src/components/searchResults/searchResults.js","statementMap":{"0":{"start":{"line":7,"column":4},"end":{"line":22,"column":5}},"1":{"start":{"line":8,"column":6},"end":{"line":8,"column":67}},"2":{"start":{"line":10,"column":6},"end":{"line":21,"column":7}},"3":{"start":{"line":15,"column":14},"end":{"line":17,"column":19}},"4":{"start":{"line":26,"column":4},"end":{"line":26,"column":49}}},"fnMap":{"0":{"name":"(anonymous_0)","decl":{"start":{"line":6,"column":2},"end":{"line":6,"column":3}},"loc":{"start":{"line":6,"column":24},"end":{"line":23,"column":3}},"line":6},"1":{"name":"(anonymous_1)","decl":{"start":{"line":14,"column":37},"end":{"line":14,"column":38}},"loc":{"start":{"line":15,"column":14},"end":{"line":17,"column":19}},"line":15},"2":{"name":"(anonymous_2)","decl":{"start":{"line":25,"column":2},"end":{"line":25,"column":3}},"loc":{"start":{"line":25,"column":11},"end":{"line":27,"column":3}},"line":25}},"branchMap":{"0":{"loc":{"start":{"line":7,"column":4},"end":{"line":22,"column":5}},"type":"if","locations":[{"start":{"line":7,"column":4},"end":{"line":22,"column":5}},{"start":{"line":7,"column":4},"end":{"line":22,"column":5}}],"line":7}},"s":{"0":2,"1":1,"2":1,"3":2,"4":2},"f":{"0":2,"1":2,"2":2},"b":{"0":[1,1]},"_coverageSchema":"332fd63041d2c1bcb487cc26dd0d5f7d97098a6c","hash":"d05ea5ee4d5a8e1e25c66a55639968677c77c958"}
,"/Users/Dinesh/Documents/Development/brewdog-punk-react-app/src/testSetup/setupTests.js": {"path":"/Users/Dinesh/Documents/Development/brewdog-punk-react-app/src/testSetup/setupTests.js","statementMap":{"0":{"start":{"line":4,"column":0},"end":{"line":6,"column":3}}},"fnMap":{},"branchMap":{},"s":{"0":6},"f":{},"b":{},"_coverageSchema":"332fd63041d2c1bcb487cc26dd0d5f7d97098a6c","hash":"b1145d9b66afee278612a6430bce5c3b125f09e3"}
}
