TN:
SF:/Users/Dinesh/Documents/Development/brewdog-punk-react-app/src/components/beerBanner/beerBanner.js
FN:5,(anonymous_0)
FN:15,(anonymous_1)
FN:17,(anonymous_2)
FN:20,(anonymous_3)
FN:24,(anonymous_4)
FN:26,(anonymous_5)
FN:30,(anonymous_6)
FN:34,(anonymous_7)
FN:35,(anonymous_8)
FN:42,(anonymous_9)
FNF:10
FNH:9
FNDA:6,(anonymous_0)
FNDA:6,(anonymous_1)
FNDA:0,(anonymous_2)
FNDA:6,(anonymous_3)
FNDA:8,(anonymous_4)
FNDA:1,(anonymous_5)
FNDA:1,(anonymous_6)
FNDA:1,(anonymous_7)
FNDA:1,(anonymous_8)
FNDA:12,(anonymous_9)
DA:6,6
DA:7,6
DA:12,6
DA:16,6
DA:17,0
DA:21,6
DA:25,8
DA:27,1
DA:28,0
DA:30,1
DA:35,1
DA:43,12
DA:44,12
DA:45,2
DA:46,10
DA:47,7
DA:49,3
LF:17
LH:15
BRDA:27,0,0,0
BRDA:27,0,1,1
BRDA:27,1,0,1
BRDA:27,1,1,1
BRDA:44,2,0,2
BRDA:44,2,1,10
BRDA:46,3,0,7
BRDA:46,3,1,3
BRF:8
BRH:7
end_of_record
TN:
SF:/Users/Dinesh/Documents/Development/brewdog-punk-react-app/src/components/beerDogApp/beerDogApp.js
FN:13,(anonymous_0)
FNF:1
FNH:1
FNDA:1,(anonymous_0)
DA:8,1
DA:14,1
LF:2
LH:2
BRF:0
BRH:0
end_of_record
TN:
SF:/Users/Dinesh/Documents/Development/brewdog-punk-react-app/src/components/beerItem/beerItem.js
FN:5,(anonymous_0)
FNF:1
FNH:1
FNDA:1,(anonymous_0)
DA:6,1
LF:1
LH:1
BRF:0
BRH:0
end_of_record
TN:
SF:/Users/Dinesh/Documents/Development/brewdog-punk-react-app/src/components/header/Header.js
FN:5,(anonymous_0)
FNF:1
FNH:1
FNDA:2,(anonymous_0)
DA:6,2
LF:1
LH:1
BRDA:9,0,0,2
BRDA:9,0,1,1
BRF:2
BRH:2
end_of_record
TN:
SF:/Users/Dinesh/Documents/Development/brewdog-punk-react-app/src/components/searchForm/searchForm.js
FN:6,(anonymous_0)
FN:19,(anonymous_1)
FN:24,(anonymous_2)
FN:25,(anonymous_3)
FN:29,(anonymous_4)
FN:30,(anonymous_5)
FN:37,(anonymous_6)
FN:40,(anonymous_7)
FN:43,(anonymous_8)
FN:45,(anonymous_9)
FN:52,(anonymous_10)
FN:59,(anonymous_11)
FN:63,(anonymous_12)
FNF:13
FNH:4
FNDA:3,(anonymous_0)
FNDA:0,(anonymous_1)
FNDA:0,(anonymous_2)
FNDA:0,(anonymous_3)
FNDA:0,(anonymous_4)
FNDA:0,(anonymous_5)
FNDA:0,(anonymous_6)
FNDA:0,(anonymous_7)
FNDA:0,(anonymous_8)
FNDA:0,(anonymous_9)
FNDA:1,(anonymous_10)
FNDA:3,(anonymous_11)
FNDA:3,(anonymous_12)
DA:7,3
DA:8,3
DA:14,3
DA:15,3
DA:16,3
DA:20,0
DA:21,0
DA:22,0
DA:23,0
DA:25,0
DA:30,0
DA:38,0
DA:39,0
DA:40,0
DA:44,0
DA:45,0
DA:49,0
DA:55,1
DA:56,1
DA:60,3
DA:64,3
LF:21
LH:9
BRDA:38,0,0,0
BRDA:38,0,1,0
BRDA:70,1,0,3
BRDA:70,1,1,0
BRF:4
BRH:1
end_of_record
TN:
SF:/Users/Dinesh/Documents/Development/brewdog-punk-react-app/src/components/searchResults/searchResults.js
FN:6,(anonymous_0)
FN:14,(anonymous_1)
FN:25,(anonymous_2)
FNF:3
FNH:3
FNDA:2,(anonymous_0)
FNDA:2,(anonymous_1)
FNDA:2,(anonymous_2)
DA:7,2
DA:8,1
DA:10,1
DA:15,2
DA:26,2
LF:5
LH:5
BRDA:7,0,0,1
BRDA:7,0,1,1
BRF:2
BRH:2
end_of_record
TN:
SF:/Users/Dinesh/Documents/Development/brewdog-punk-react-app/src/testSetup/setupTests.js
FNF:0
FNH:0
DA:4,6
LF:1
LH:1
BRF:0
BRH:0
end_of_record
